# JRE version: Java(TM) SE Runtime Environment (8.0_121-b13) (build 1.8.0_121-b13)
# Java VM: Java HotSpot(TM) 64-Bit Server VM (25.121-b13 mixed mode windows-amd64 compressed oops)
Heap:
 PSYoungGen      total 167424K, used 155648K [0x00000000e0000000, 0x00000000ee500000, 0x0000000100000000)
  eden space 155648K, 100% used [0x00000000e0000000,0x00000000e9800000,0x00000000e9800000)
  from space 11776K, 0% used [0x00000000ea480000,0x00000000ea480000,0x00000000eb000000)
  to   space 12800K, 54% used [0x00000000e9800000,0x00000000e9ede1e0,0x00000000ea480000)
 ParOldGen       total 95744K, used 18412K [0x00000000a0000000, 0x00000000a5d80000, 0x00000000e0000000)
  object space 95744K, 19% used [0x00000000a0000000,0x00000000a11fb080,0x00000000a5d80000)
 Metaspace       used 43738K, capacity 44768K, committed 44928K, reserved 1087488K
  class space    used 5954K, capacity 6205K, committed 6272K, reserved 1048576K
GC Heap History (10 events):
Event: 4.528 GC heap after
Heap after GC invocations=4 (full 1):
 PSYoungGen      total 71680K, used 0K [0x00000000e0000000, 0x00000000e8c00000, 0x0000000100000000)
  eden space 66560K, 0% used [0x00000000e0000000,0x00000000e0000000,0x00000000e4100000)
  from space 5120K, 0% used [0x00000000e4100000,0x00000000e4100000,0x00000000e4600000)
  to   space 5120K, 0% used [0x00000000e8700000,0x00000000e8700000,0x00000000e8c00000)
 ParOldGen       total 69632K, used 12513K [0x00000000a0000000, 0x00000000a4400000, 0x00000000e0000000)
  object space 69632K, 17% used [0x00000000a0000000,0x00000000a0c387c8,0x00000000a4400000)
 Metaspace       used 20780K, capacity 21234K, committed 21296K, reserved 1067008K
  class space    used 2776K, capacity 2923K, committed 2944K, reserved 1048576K
}
Event: 8.169 GC heap before
{Heap before GC invocations=5 (full 1):
 PSYoungGen      total 71680K, used 66560K [0x00000000e0000000, 0x00000000e8c00000, 0x0000000100000000)
  eden space 66560K, 100% used [0x00000000e0000000,0x00000000e4100000,0x00000000e4100000)
  from space 5120K, 0% used [0x00000000e4100000,0x00000000e4100000,0x00000000e4600000)
  to   space 5120K, 0% used [0x00000000e8700000,0x00000000e8700000,0x00000000e8c00000)
 ParOldGen       total 69632K, used 12513K [0x00000000a0000000, 0x00000000a4400000, 0x00000000e0000000)
  object space 69632K, 17% used [0x00000000a0000000,0x00000000a0c387c8,0x00000000a4400000)
 Metaspace       used 25910K, capacity 26540K, committed 26624K, reserved 1073152K
  class space    used 3652K, capacity 3810K, committed 3840K, reserved 1048576K
Event: 8.215 GC heap after
Heap after GC invocations=5 (full 1):
 PSYoungGen      total 109056K, used 5114K [0x00000000e0000000, 0x00000000e8c00000, 0x0000000100000000)
  eden space 103936K, 0% used [0x00000000e0000000,0x00000000e0000000,0x00000000e6580000)
  from space 5120K, 99% used [0x00000000e8700000,0x00000000e8bfead8,0x00000000e8c00000)
  to   space 5120K, 0% used [0x00000000e8200000,0x00000000e8200000,0x00000000e8700000)
 ParOldGen       total 69632K, used 15191K [0x00000000a0000000, 0x00000000a4400000, 0x00000000e0000000)
  object space 69632K, 21% used [0x00000000a0000000,0x00000000a0ed5ea0,0x00000000a4400000)
 Metaspace       used 25910K, capacity 26540K, committed 26624K, reserved 1073152K
  class space    used 3652K, capacity 3810K, committed 3840K, reserved 1048576K
}
Event: 10.930 GC heap before
{Heap before GC invocations=6 (full 1):
 PSYoungGen      total 109056K, used 109050K [0x00000000e0000000, 0x00000000e8c00000, 0x0000000100000000)
  eden space 103936K, 100% used [0x00000000e0000000,0x00000000e6580000,0x00000000e6580000)
  from space 5120K, 99% used [0x00000000e8700000,0x00000000e8bfead8,0x00000000e8c00000)
  to   space 5120K, 0% used [0x00000000e8200000,0x00000000e8200000,0x00000000e8700000)
 ParOldGen       total 69632K, used 15191K [0x00000000a0000000, 0x00000000a4400000, 0x00000000e0000000)
  object space 69632K, 21% used [0x00000000a0000000,0x00000000a0ed5ea0,0x00000000a4400000)
 Metaspace       used 29447K, capacity 30240K, committed 30464K, reserved 1075200K
  class space    used 4103K, capacity 4274K, committed 4352K, reserved 1048576K
Event: 10.937 GC heap after
Heap after GC invocations=6 (full 1):
 PSYoungGen      total 138240K, used 5099K [0x00000000e0000000, 0x00000000eb000000, 0x0000000100000000)
  eden space 133120K, 0% used [0x00000000e0000000,0x00000000e0000000,0x00000000e8200000)
  from space 5120K, 99% used [0x00000000e8200000,0x00000000e86faf50,0x00000000e8700000)
  to   space 11776K, 0% used [0x00000000ea480000,0x00000000ea480000,0x00000000eb000000)
 ParOldGen       total 69632K, used 17959K [0x00000000a0000000, 0x00000000a4400000, 0x00000000e0000000)
  object space 69632K, 25% used [0x00000000a0000000,0x00000000a1189ee8,0x00000000a4400000)
 Metaspace       used 29447K, capacity 30240K, committed 30464K, reserved 1075200K
  class space    used 4103K, capacity 4274K, committed 4352K, reserved 1048576K
}
Event: 11.610 GC heap before
{Heap before GC invocations=7 (full 1):
 PSYoungGen      total 138240K, used 73723K [0x00000000e0000000, 0x00000000eb000000, 0x0000000100000000)
  eden space 133120K, 51% used [0x00000000e0000000,0x00000000e4303f48,0x00000000e8200000)
  from space 5120K, 99% used [0x00000000e8200000,0x00000000e86faf50,0x00000000e8700000)
  to   space 11776K, 0% used [0x00000000ea480000,0x00000000ea480000,0x00000000eb000000)
 ParOldGen       total 69632K, used 17959K [0x00000000a0000000, 0x00000000a4400000, 0x00000000e0000000)
  object space 69632K, 25% used [0x00000000a0000000,0x00000000a1189ee8,0x00000000a4400000)
 Metaspace       used 34521K, capacity 35268K, committed 35456K, reserved 1079296K
  class space    used 4766K, capacity 4952K, committed 4992K, reserved 1048576K
Event: 11.624 GC heap after
Heap after GC invocations=7 (full 1):
 PSYoungGen      total 167424K, used 10565K [0x00000000e0000000, 0x00000000ee500000, 0x0000000100000000)
  eden space 155648K, 0% used [0x00000000e0000000,0x00000000e0000000,0x00000000e9800000)
  from space 11776K, 89% used [0x00000000ea480000,0x00000000eaed1690,0x00000000eb000000)
  to   space 12800K, 0% used [0x00000000e9800000,0x00000000e9800000,0x00000000ea480000)
 ParOldGen       total 69632K, used 17967K [0x00000000a0000000, 0x00000000a4400000, 0x00000000e0000000)
  object space 69632K, 25% used [0x00000000a0000000,0x00000000a118bee8,0x00000000a4400000)
 Metaspace       used 34521K, capacity 35268K, committed 35456K, reserved 1079296K
  class space    used 4766K, capacity 4952K, committed 4992K, reserved 1048576K
}
Event: 11.624 GC heap before
{Heap before GC invocations=8 (full 2):
 PSYoungGen      total 167424K, used 10565K [0x00000000e0000000, 0x00000000ee500000, 0x0000000100000000)
  eden space 155648K, 0% used [0x00000000e0000000,0x00000000e0000000,0x00000000e9800000)
  from space 11776K, 89% used [0x00000000ea480000,0x00000000eaed1690,0x00000000eb000000)
  to   space 12800K, 0% used [0x00000000e9800000,0x00000000e9800000,0x00000000ea480000)
 ParOldGen       total 69632K, used 17967K [0x00000000a0000000, 0x00000000a4400000, 0x00000000e0000000)
  object space 69632K, 25% used [0x00000000a0000000,0x00000000a118bee8,0x00000000a4400000)
 Metaspace       used 34521K, capacity 35268K, committed 35456K, reserved 1079296K
  class space    used 4766K, capacity 4952K, committed 4992K, reserved 1048576K
Event: 11.701 GC heap after
Heap after GC invocations=8 (full 2):
 PSYoungGen      total 167424K, used 0K [0x00000000e0000000, 0x00000000ee500000, 0x0000000100000000)
  eden space 155648K, 0% used [0x00000000e0000000,0x00000000e0000000,0x00000000e9800000)
  from space 11776K, 0% used [0x00000000ea480000,0x00000000ea480000,0x00000000eb000000)
  to   space 12800K, 0% used [0x00000000e9800000,0x00000000e9800000,0x00000000ea480000)
 ParOldGen       total 95744K, used 18340K [0x00000000a0000000, 0x00000000a5d80000, 0x00000000e0000000)
  object space 95744K, 19% used [0x00000000a0000000,0x00000000a11e9070,0x00000000a5d80000)
 Metaspace       used 34521K, capacity 35268K, committed 35456K, reserved 1079296K
  class space    used 4766K, capacity 4952K, committed 4992K, reserved 1048576K
}
Event: 12.773 GC heap before
{Heap before GC invocations=9 (full 2):
 PSYoungGen      total 167424K, used 155648K [0x00000000e0000000, 0x00000000ee500000, 0x0000000100000000)
  eden space 155648K, 100% used [0x00000000e0000000,0x00000000e9800000,0x00000000e9800000)
  from space 11776K, 0% used [0x00000000ea480000,0x00000000ea480000,0x00000000eb000000)
  to   space 12800K, 0% used [0x00000000e9800000,0x00000000e9800000,0x00000000ea480000)
 ParOldGen       total 95744K, used 18340K [0x00000000a0000000, 0x00000000a5d80000, 0x00000000e0000000)
  object space 95744K, 19% used [0x00000000a0000000,0x00000000a11e9070,0x00000000a5d80000)
 Metaspace       used 43738K, capacity 44768K, committed 44928K, reserved 1087488K
  class space    used 5954K, capacity 6205K, committed 6272K, reserved 1048576K

